<?xml version="1.0" encoding="UTF-8"?>
<testng-results skipped="0" failed="0" ignored="0" total="1" passed="1">
  <reporter-output>
  </reporter-output>
  <suite name="Default suite" duration-ms="17728" started-at="2020-01-14T11:14:21Z" finished-at="2020-01-14T11:14:38Z">
    <groups>
    </groups>
    <test name="Default test" duration-ms="17728" started-at="2020-01-14T11:14:21Z" finished-at="2020-01-14T11:14:38Z">
      <class name="gridPackage.GridDemo">
        <test-method status="PASS" signature="verifylogin()[pri:0, instance:gridPackage.GridDemo@7f9a81e8]" name="verifylogin" duration-ms="17699" started-at="2020-01-14T11:14:21Z" finished-at="2020-01-14T11:14:38Z">
          <reporter-output>
          </reporter-output>
        </test-method> <!-- verifylogin -->
      </class> <!-- gridPackage.GridDemo -->
    </test> <!-- Default test -->
  </suite> <!-- Default suite -->
</testng-results>
